-------------------------------------------------------------------------------
Test set: edu.ntnu.iir.bidata.Management.PageManagerTest
-------------------------------------------------------------------------------
Tests run: 2, Failures: 1, Errors: 0, Skipped: 0, Time elapsed: 1.819 s <<< FAILURE! -- in edu.ntnu.iir.bidata.Management.PageManagerTest
edu.ntnu.iir.bidata.Management.PageManagerTest.testAuthorMetadataIsUpdated -- Time elapsed: 0.039 s <<< FAILURE!
org.opentest4j.AssertionFailedError: Author should have at least one page ==> expected: <false> but was: <true>
	at org.junit.jupiter.api.AssertionFailureBuilder.build(AssertionFailureBuilder.java:151)
	at org.junit.jupiter.api.AssertionFailureBuilder.buildAndThrow(AssertionFailureBuilder.java:132)
	at org.junit.jupiter.api.AssertFalse.failNotFalse(AssertFalse.java:63)
	at org.junit.jupiter.api.AssertFalse.assertFalse(AssertFalse.java:36)
	at org.junit.jupiter.api.Assertions.assertFalse(Assertions.java:239)
	at edu.ntnu.iir.bidata.Management.PageManagerTest.testAuthorMetadataIsUpdated(PageManagerTest.java:68)
	at java.base/java.lang.reflect.Method.invoke(Method.java:565)
	at java.base/java.util.ArrayList.forEach(ArrayList.java:1604)
	at java.base/java.util.ArrayList.forEach(ArrayList.java:1604)

