<?xml version="1.0" encoding="UTF-8"?>
<testsuite xmlns:xsi="http://www.w3.org/2001/XMLSchema-instance" xsi:noNamespaceSchemaLocation="https://maven.apache.org/surefire/maven-surefire-plugin/xsd/surefire-test-report.xsd" version="3.0.2" name="edu.ntnu.iir.bidata.manager.EncryptionManagerTest" time="0.321" tests="5" errors="0" skipped="0" failures="0">
  <properties>
[...]
</properties>
  <testcase name="testDecryptWithWrongKeyFails" classname="edu.ntnu.iir.bidata.manager.EncryptionManagerTest" time="0.187"/>
  <testcase name="testEncryptLongText" classname="edu.ntnu.iir.bidata.manager.EncryptionManagerTest" time="0.006"/>
  <testcase name="testEncryptEmptyString" classname="edu.ntnu.iir.bidata.manager.EncryptionManagerTest" time="0.007"/>
  <testcase name="testEncryptAndDecryptConsistency" classname="edu.ntnu.iir.bidata.manager.EncryptionManagerTest" time="0.004"/>
  <testcase name="testEncryptSpecialCharacters" classname="edu.ntnu.iir.bidata.manager.EncryptionManagerTest" time="0.008"/>
</testsuite>